<?xml version="1.0" encoding="UTF-8"?>
<!-- Generated by org.testng.reporters.JUnitReportReporter -->
<testsuite hostname="DESKTOP-LOH3IH4" failures="0" tests="11" name="api.admin.tests.ManageCuratedTests" time="3.441" errors="0" timestamp="2023-11-21T17:48:55 IST" skipped="0">
  <testcase classname="api.admin.tests.ManageCuratedTests" name="addCurateList" time="0.285"/>
  <system-out/>
  <testcase classname="api.admin.tests.ManageCuratedTests" name="verifyGetCuratedList" time="0.387"/>
  <system-out/>
  <testcase classname="api.admin.tests.ManageCuratedTests" name="verifyCuratedListIsNotAddedWithBlankCuratedListName" time="0.219"/>
  <system-out/>
  <testcase classname="api.admin.tests.ManageCuratedTests" name="addCurateListWithNullPermaLink" time="1.215"/>
  <system-out/>
  <testcase classname="api.admin.tests.ManageCuratedTests" name="verifyTheCuratedListIsNotAddedWithoutImage" time="0.179"/>
  <system-out/>
  <testcase classname="api.admin.tests.ManageCuratedTests" name="verifyCuratedListWithoutMetaTitle" time="0.173"/>
  <system-out/>
  <testcase classname="api.admin.tests.ManageCuratedTests" name="verifyCuratedListWithoutOGDescription" time="0.206"/>
  <system-out/>
  <testcase classname="api.admin.tests.ManageCuratedTests" name="verifyCuratedListWithoutCuratedListStatus" time="0.186"/>
  <system-out/>
  <testcase classname="api.admin.tests.ManageCuratedTests" name="verifyCuratedListWithoutMetaDescription" time="0.212"/>
  <system-out/>
  <testcase classname="api.admin.tests.ManageCuratedTests" name="addCurateListWithoutCuratedDescription" time="0.172"/>
  <system-out/>
  <testcase classname="api.admin.tests.ManageCuratedTests" name="addCurateListWithoutOgImage" time="0.207"/>
  <system-out/>
</testsuite> <!-- api.admin.tests.ManageCuratedTests -->
