<?xml version="1.0" encoding="UTF-8"?>
<!-- Generated by org.testng.reporters.JUnitReportReporter -->
<testsuite skipped="0" hostname="DESKTOP-46AHGLC" name="web.tests.customer.BookOrder" tests="3" failures="0" timestamp="2023-02-27T11:50:49 IST" time="89.196" errors="0">
  <testcase name="verifyLoginToast" time="11.532" classname="web.tests.customer.BookOrder"/>
  <system-out/>
  <testcase name="verifyProfileLinks" time="10.711" classname="web.tests.customer.BookOrder"/>
  <system-out/>
  <testcase name="createOrder" time="66.953" classname="web.tests.customer.BookOrder"/>
  <system-out/>
</testsuite> <!-- web.tests.customer.BookOrder -->
