<?xml version="1.0" encoding="UTF-8"?>
<!-- Generated by org.testng.reporters.JUnitReportReporter -->
<testsuite skipped="0" hostname="DESKTOP-46AHGLC" name="api.tests.SampleTest" tests="1" failures="0" timestamp="13 Feb 2023 11:33:08 GMT" time="0.026" errors="0">
  <testcase name="verifyTest" time="0.026" classname="api.tests.SampleTest"/>
</testsuite> <!-- api.tests.SampleTest -->
