<?xml version="1.0" encoding="UTF-8"?>
<!-- Generated by org.testng.reporters.JUnitReportReporter -->
<testsuite hostname="DESKTOP-LOH3IH4" failures="0" tests="7" name="api.admin.tests.ManageThemeTests" time="1.868" errors="0" timestamp="2023-11-21T17:48:55 IST" skipped="0">
  <testcase classname="api.admin.tests.ManageThemeTests" name="createTheme" time="0.243"/>
  <system-out/>
  <testcase classname="api.admin.tests.ManageThemeTests" name="verifyGetThemeList" time="0.480"/>
  <system-out/>
  <testcase classname="api.admin.tests.ManageThemeTests" name="editTheme" time="0.263"/>
  <system-out/>
  <testcase classname="api.admin.tests.ManageThemeTests" name="activateAndDeactivateTheTheme" time="0.404"/>
  <system-out/>
  <testcase classname="api.admin.tests.ManageThemeTests" name="verifyUserIsNotAddedWithNullThemeName" time="0.163"/>
  <system-out/>
  <testcase classname="api.admin.tests.ManageThemeTests" name="verifyUserIsNotAddedWithNullDescription" time="0.176"/>
  <system-out/>
  <testcase classname="api.admin.tests.ManageThemeTests" name="verifyUserIsNotAddedWithNullStatus" time="0.139"/>
  <system-out/>
</testsuite> <!-- api.admin.tests.ManageThemeTests -->
