<?xml version="1.0" encoding="UTF-8"?>
<!-- Generated by org.testng.reporters.JUnitReportReporter -->
<testsuite hostname="DESKTOP-LOH3IH4" failures="0" tests="7" name="api.admin.tests.ManageQualityTests" time="1.955" errors="0" timestamp="2023-11-21T17:48:55 IST" skipped="0">
  <testcase classname="api.admin.tests.ManageQualityTests" name="verifyAddQuality" time="0.193"/>
  <system-out/>
  <testcase classname="api.admin.tests.ManageQualityTests" name="verifyAlreadyExistingQualityNameIsNotAdded" time="0.158"/>
  <system-out/>
  <testcase classname="api.admin.tests.ManageQualityTests" name="searchQuality" time="0.385"/>
  <system-out/>
  <testcase classname="api.admin.tests.ManageQualityTests" name="verifyListQuality" time="0.325"/>
  <system-out/>
  <testcase classname="api.admin.tests.ManageQualityTests" name="getAndVerifyQualityListOnManageProduct" time="0.270"/>
  <system-out/>
  <testcase classname="api.admin.tests.ManageQualityTests" name="editQuality" time="0.204"/>
  <system-out/>
  <testcase classname="api.admin.tests.ManageQualityTests" name="activateAndDeactivateTheQuality" time="0.420"/>
  <system-out/>
</testsuite> <!-- api.admin.tests.ManageQualityTests -->
