<?xml version="1.0" encoding="UTF-8"?>
<!-- Generated by org.testng.reporters.JUnitReportReporter -->
<testsuite hostname="DESKTOP-LOH3IH4" failures="0" tests="11" name="api.admin.tests.ManageSinkMountTypeTests" time="2.246" errors="0" timestamp="2023-11-21T17:48:55 IST" skipped="0">
  <testcase classname="api.admin.tests.ManageSinkMountTypeTests" name="addSinkMountType" time="0.183"/>
  <system-out/>
  <testcase classname="api.admin.tests.ManageSinkMountTypeTests" name="verifyAddedSinkMountCannotBeAddedAgain" time="0.157"/>
  <system-out/>
  <testcase classname="api.admin.tests.ManageSinkMountTypeTests" name="verifySinkMountTypewithNullCountryName" time="0.120"/>
  <system-out/>
  <testcase classname="api.admin.tests.ManageSinkMountTypeTests" name="verifySinkMountTypewithNullAttributeType" time="0.137"/>
  <system-out/>
  <testcase classname="api.admin.tests.ManageSinkMountTypeTests" name="verifySinkMountTypewithNullStatus" time="0.115"/>
  <system-out/>
  <testcase classname="api.admin.tests.ManageSinkMountTypeTests" name="verifySinkMountTypewithIntegerValue" time="0.127"/>
  <system-out/>
  <testcase classname="api.admin.tests.ManageSinkMountTypeTests" name="searchSinkMountTypeName" time="0.354"/>
  <system-out/>
  <testcase classname="api.admin.tests.ManageSinkMountTypeTests" name="getSinkMountTypeList" time="0.286"/>
  <system-out/>
  <testcase classname="api.admin.tests.ManageSinkMountTypeTests" name="getAndVerifyMountSinkTypeListOnManageProduct" time="0.249"/>
  <system-out/>
  <testcase classname="api.admin.tests.ManageSinkMountTypeTests" name="editSinkMountType" time="0.192"/>
  <system-out/>
  <testcase classname="api.admin.tests.ManageSinkMountTypeTests" name="activateAndDeactivateTheManageSinkMountType" time="0.326"/>
  <system-out/>
</testsuite> <!-- api.admin.tests.ManageSinkMountTypeTests -->
