<?xml version="1.0" encoding="UTF-8"?>
<!-- Generated by org.testng.reporters.JUnitReportReporter -->
<testsuite hostname="DESKTOP-LOH3IH4" failures="0" tests="10" name="api.customer.tests.CallbackRequestsTests" time="2.792" errors="0" timestamp="2023-11-21T17:48:55 IST" skipped="0">
  <testcase classname="api.customer.tests.CallbackRequestsTests" name="createCallBackRequestFromCustomer" time="0.336"/>
  <system-out/>
  <testcase classname="api.customer.tests.CallbackRequestsTests" name="createCallBackRequestFromCustomerWithBlankFields" time="0.168"/>
  <system-out/>
  <testcase classname="api.customer.tests.CallbackRequestsTests" name="createCallBackRequestFromCustomerWithBlankEmailField" time="0.151"/>
  <system-out/>
  <testcase classname="api.customer.tests.CallbackRequestsTests" name="createCallBackRequestFromCustomerWithBlankCityField" time="0.156"/>
  <system-out/>
  <testcase classname="api.customer.tests.CallbackRequestsTests" name="createCallBackRequestFromCustomerWithBlankPhoneNumberField" time="0.134"/>
  <system-out/>
  <testcase classname="api.customer.tests.CallbackRequestsTests" name="verifyCallBackRequestOnList_Admin" time="0.872"/>
  <system-out/>
  <testcase classname="api.customer.tests.CallbackRequestsTests" name="viewCallBackRequest_Admin" time="0.295"/>
  <system-out/>
  <testcase classname="api.customer.tests.CallbackRequestsTests" name="resolveCallBackRequest" time="0.261"/>
  <system-out/>
  <testcase classname="api.customer.tests.CallbackRequestsTests" name="unresolveCallBackRequest" time="0.173"/>
  <system-out/>
  <testcase classname="api.customer.tests.CallbackRequestsTests" name="deleteCallBackRequest" time="0.246"/>
  <system-out/>
</testsuite> <!-- api.customer.tests.CallbackRequestsTests -->
