<?xml version="1.0" encoding="UTF-8"?>
<!-- Generated by org.testng.reporters.JUnitReportReporter -->
<testsuite hostname="DESKTOP-LOH3IH4" failures="0" tests="8" name="api.admin.tests.ManageInspirationGalleryTests" time="9.290" errors="0" timestamp="2023-11-21T17:48:55 IST" skipped="0">
  <testcase classname="api.admin.tests.ManageInspirationGalleryTests" name="createInspirationGallery" time="1.529"/>
  <system-out/>
  <testcase classname="api.admin.tests.ManageInspirationGalleryTests" name="verifyInspirationGalleryIsNAddedWithoutThemeId" time="0.930"/>
  <system-out/>
  <testcase classname="api.admin.tests.ManageInspirationGalleryTests" name="verifyInspirationGalleryIsNAddedWithNoCategory" time="0.825"/>
  <system-out/>
  <testcase classname="api.admin.tests.ManageInspirationGalleryTests" name="verifyInspirationGalleryIsNotAddedWithNoPermaLink" time="1.371"/>
  <system-out/>
  <testcase classname="api.admin.tests.ManageInspirationGalleryTests" name="verifyInspirationGalleryIsNotAddedWithoutDescription" time="1.201"/>
  <system-out/>
  <testcase classname="api.admin.tests.ManageInspirationGalleryTests" name="verifyInspirationGalleryIsNAddedWithoutOGImage" time="1.448"/>
  <system-out/>
  <testcase classname="api.admin.tests.ManageInspirationGalleryTests" name="createInspirationGalleryWithoutInvalidImageFormat" time="1.238"/>
  <system-out/>
  <testcase classname="api.admin.tests.ManageInspirationGalleryTests" name="verifyGetInspirationList" time="0.748"/>
  <system-out/>
</testsuite> <!-- api.admin.tests.ManageInspirationGalleryTests -->
