<?xml version="1.0" encoding="UTF-8"?>
<!-- Generated by org.testng.reporters.JUnitReportReporter -->
<testsuite hostname="DESKTOP-LOH3IH4" failures="0" tests="6" name="api.admin.tests.ManageProductShapesTests" time="1.508" errors="0" timestamp="2023-11-21T17:48:55 IST" skipped="0">
  <testcase classname="api.admin.tests.ManageProductShapesTests" name="addProductShapes" time="0.198"/>
  <system-out/>
  <testcase classname="api.admin.tests.ManageProductShapesTests" name="searchProductShapes" time="0.348"/>
  <system-out/>
  <testcase classname="api.admin.tests.ManageProductShapesTests" name="getProductShapeList" time="0.282"/>
  <system-out/>
  <testcase classname="api.admin.tests.ManageProductShapesTests" name="editProductShapes" time="0.190"/>
  <system-out/>
  <testcase classname="api.admin.tests.ManageProductShapesTests" name="DeactivateAndActivateProductShape" time="0.353"/>
  <system-out/>
  <testcase classname="api.admin.tests.ManageProductShapesTests" name="createProductShapeswithNullName" time="0.137"/>
  <system-out/>
</testsuite> <!-- api.admin.tests.ManageProductShapesTests -->
