<?xml version="1.0" encoding="UTF-8"?>
<!-- Generated by org.testng.reporters.JUnitReportReporter -->
<testsuite hostname="DESKTOP-LOH3IH4" failures="0" tests="7" name="api.admin.tests.ManageTestimonialsTests" time="4.680" errors="0" timestamp="2023-11-21T17:48:55 IST" skipped="0">
  <testcase classname="api.admin.tests.ManageTestimonialsTests" name="addTestimonials" time="0.218"/>
  <system-out/>
  <testcase classname="api.admin.tests.ManageTestimonialsTests" name="addTestimonialWithCustomerNameFieldBlank" time="0.123"/>
  <system-out/>
  <testcase classname="api.admin.tests.ManageTestimonialsTests" name="addTestimonialWithNoReview" time="0.116"/>
  <system-out/>
  <testcase classname="api.admin.tests.ManageTestimonialsTests" name="VerifyListOfCustomerTestimonials" time="1.581"/>
  <system-out/>
  <testcase classname="api.admin.tests.ManageTestimonialsTests" name="verifyListTestimonials" time="1.221"/>
  <system-out/>
  <testcase classname="api.admin.tests.ManageTestimonialsTests" name="editTestimonials" time="1.046"/>
  <system-out/>
  <testcase classname="api.admin.tests.ManageTestimonialsTests" name="activateAndDeactivateTheTestimonial" time="0.375"/>
  <system-out/>
</testsuite> <!-- api.admin.tests.ManageTestimonialsTests -->
