<?xml version="1.0" encoding="UTF-8"?>
<!-- Generated by org.testng.reporters.JUnitReportReporter -->
<testsuite hostname="DESKTOP-LOH3IH4" failures="0" tests="3" name="api.admin.tests.ManageProductTests_Piece" time="20.902" errors="0" timestamp="2023-11-21T17:48:55 IST" skipped="0">
  <testcase classname="api.admin.tests.ManageProductTests_Piece" name="addProduct_Peice" time="0.310"/>
  <system-out/>
  <testcase classname="api.admin.tests.ManageProductTests_Piece" name="getListOfProductaAndVerifyTheCreatedProduct" time="20.378"/>
  <system-out/>
  <testcase classname="api.admin.tests.ManageProductTests_Piece" name="DeactivateTheProduct" time="0.214"/>
  <system-out/>
</testsuite> <!-- api.admin.tests.ManageProductTests_Piece -->
