<?xml version="1.0" encoding="UTF-8"?>
<!-- Generated by org.testng.reporters.JUnitReportReporter -->
<testsuite hostname="INNODS0020" failures="0" tests="1" name="web.tests.admin.ManageActualSize" time="7.171" errors="0" timestamp="2024-03-13T17:02:52 IST" skipped="0">
  <testcase classname="web.tests.admin.ManageActualSize" name="addManageActualSize" time="7.171"/>
  <system-out/>
</testsuite> <!-- web.tests.admin.ManageActualSize -->
