<?xml version="1.0" encoding="UTF-8"?>
<!-- Generated by org.testng.reporters.JUnitReportReporter -->
<testsuite hostname="DESKTOP-LOH3IH4" failures="0" tests="3" name="api.admin.tests.ManageCuratedUsingFiltersTests" time="1.122" errors="0" timestamp="2023-11-21T17:48:55 IST" skipped="0">
  <testcase classname="api.admin.tests.ManageCuratedUsingFiltersTests" name="addCurateList" time="0.232"/>
  <system-out/>
  <testcase classname="api.admin.tests.ManageCuratedUsingFiltersTests" name="verifyGetCuratedList" time="0.447"/>
  <system-out/>
  <testcase classname="api.admin.tests.ManageCuratedUsingFiltersTests" name="activateAndDeactivateCuratedList" time="0.443"/>
  <system-out/>
</testsuite> <!-- api.admin.tests.ManageCuratedUsingFiltersTests -->
