<?xml version="1.0" encoding="UTF-8"?>
<!-- Generated by org.testng.reporters.JUnitReportReporter -->
<testsuite hostname="DESKTOP-LOH3IH4" failures="0" tests="12" name="api.admin.tests.ManageBrandsTests" time="3.920" errors="0" timestamp="2023-11-21T17:48:55 IST" skipped="0">
  <testcase classname="api.admin.tests.ManageBrandsTests" name="createBrand" time="0.286"/>
  <system-out/>
  <testcase classname="api.admin.tests.ManageBrandsTests" name="verifyGetBrandList" time="0.572"/>
  <system-out/>
  <testcase classname="api.admin.tests.ManageBrandsTests" name="getAndVerifyBrandListOnManageProduct" time="0.341"/>
  <system-out/>
  <testcase classname="api.admin.tests.ManageBrandsTests" name="verifyAddedBrandCannotBeAddedAgain" time="0.239"/>
  <system-out/>
  <testcase classname="api.admin.tests.ManageBrandsTests" name="verifyBrandWithBlankBrandNameIsNotAdded" time="0.165"/>
  <system-out/>
  <testcase classname="api.admin.tests.ManageBrandsTests" name="verifyBrandWithBlankPermaLinkIsNotAdded" time="0.148"/>
  <system-out/>
  <testcase classname="api.admin.tests.ManageBrandsTests" name="verifyBrandWithBlankLogoIsNotAdded" time="0.142"/>
  <system-out/>
  <testcase classname="api.admin.tests.ManageBrandsTests" name="verifyBrandWithBlankOGDescIsNotAdded" time="0.146"/>
  <system-out/>
  <testcase classname="api.admin.tests.ManageBrandsTests" name="verifyBrandWithBlankOGTitleIsNotAdded" time="0.166"/>
  <system-out/>
  <testcase classname="api.admin.tests.ManageBrandsTests" name="editBrand" time="0.225"/>
  <system-out/>
  <testcase classname="api.admin.tests.ManageBrandsTests" name="searchBrand" time="1.141"/>
  <system-out/>
  <testcase classname="api.admin.tests.ManageBrandsTests" name="deactivateAndActivateBrand" time="0.349"/>
  <system-out/>
</testsuite> <!-- api.admin.tests.ManageBrandsTests -->
