<?xml version="1.0" encoding="UTF-8"?>
<!-- Generated by org.testng.reporters.JUnitReportReporter -->
<testsuite hostname="DESKTOP-LOH3IH4" failures="0" tests="10" name="api.admin.tests.ManageBannerTests" time="2.373" errors="0" timestamp="2023-11-21T17:48:55 IST" skipped="0">
  <testcase classname="api.admin.tests.ManageBannerTests" name="createBanner" time="0.288"/>
  <system-out/>
  <testcase classname="api.admin.tests.ManageBannerTests" name="verifyGetHomeBannerPage" time="0.623"/>
  <system-out/>
  <testcase classname="api.admin.tests.ManageBannerTests" name="DeActivateAndActivateBanner" time="0.360"/>
  <system-out/>
  <testcase classname="api.admin.tests.ManageBannerTests" name="verifyBannerWithBlankTitleIsNotAdded" time="0.183"/>
  <system-out/>
  <testcase classname="api.admin.tests.ManageBannerTests" name="verifyBannerWithBlankPriorityIsNotAdded" time="0.159"/>
  <system-out/>
  <testcase classname="api.admin.tests.ManageBannerTests" name="verifyBannerWithBlankBannerImageIsNotAdded" time="0.160"/>
  <system-out/>
  <testcase classname="api.admin.tests.ManageBannerTests" name="verifyBannerWithBannerRedirectUrlIsNotAdded" time="0.148"/>
  <system-out/>
  <testcase classname="api.admin.tests.ManageBannerTests" name="verifyBannerWithAltTextIsNotAdded" time="0.149"/>
  <system-out/>
  <testcase classname="api.admin.tests.ManageBannerTests" name="verifyBannerWithBlankStatusIsNotAdded" time="0.148"/>
  <system-out/>
  <testcase classname="api.admin.tests.ManageBannerTests" name="verifyBannerWithBlankLandingPageIdIsNotAdded" time="0.155"/>
  <system-out/>
</testsuite> <!-- api.admin.tests.ManageBannerTests -->
