<?xml version="1.0" encoding="UTF-8"?>
<!-- Generated by org.testng.reporters.JUnitReportReporter -->
<testsuite hostname="DESKTOP-LOH3IH4" failures="0" tests="3" name="api.admin.tests.ManageCustomerTests" time="1.407" errors="0" timestamp="2023-11-21T17:48:55 IST" skipped="0">
  <testcase classname="api.admin.tests.ManageCustomerTests" name="getCustomerListInfo" time="0.197"/>
  <system-out/>
  <testcase classname="api.admin.tests.ManageCustomerTests" name="getCustomerListFromManageCustomerAndVerifyTheCustomer" time="0.941"/>
  <system-out/>
  <testcase classname="api.admin.tests.ManageCustomerTests" name="viewCustomer" time="0.269"/>
  <system-out/>
</testsuite> <!-- api.admin.tests.ManageCustomerTests -->
