<?xml version="1.0" encoding="UTF-8"?>
<!-- Generated by org.testng.reporters.JUnitReportReporter -->
<testsuite hostname="DESKTOP-LOH3IH4" failures="0" tests="13" name="api.customer.tests.RoomTests" time="2.570" errors="0" timestamp="2023-11-21T17:48:55 IST" skipped="0">
  <testcase classname="api.customer.tests.RoomTests" name="verifyBathroom" time="0.205"/>
  <system-out/>
  <testcase classname="api.customer.tests.RoomTests" name="verifyKitchen" time="0.182"/>
  <system-out/>
  <testcase classname="api.customer.tests.RoomTests" name="verifyLivingRoom" time="0.184"/>
  <system-out/>
  <testcase classname="api.customer.tests.RoomTests" name="verifyBedRoom" time="0.169"/>
  <system-out/>
  <testcase classname="api.customer.tests.RoomTests" name="verifyElevationTiles" time="0.463"/>
  <system-out/>
  <testcase classname="api.customer.tests.RoomTests" name="verifyParkingTiles" time="0.174"/>
  <system-out/>
  <testcase classname="api.customer.tests.RoomTests" name="verifyBalconyTiles" time="0.174"/>
  <system-out/>
  <testcase classname="api.customer.tests.RoomTests" name="verifyPoojaRoomTiles" time="0.155"/>
  <system-out/>
  <testcase classname="api.customer.tests.RoomTests" name="verifyTvUnitsTiles" time="0.173"/>
  <system-out/>
  <testcase classname="api.customer.tests.RoomTests" name="verifyFoyerTiles" time="0.175"/>
  <system-out/>
  <testcase classname="api.customer.tests.RoomTests" name="verifySitoutPassageTiles" time="0.157"/>
  <system-out/>
  <testcase classname="api.customer.tests.RoomTests" name="verifyTilesAccessories" time="0.190"/>
  <system-out/>
  <testcase classname="api.customer.tests.RoomTests" name="verifyStepTiles" time="0.169"/>
  <system-out/>
</testsuite> <!-- api.customer.tests.RoomTests -->
