<?xml version="1.0" encoding="UTF-8"?>
<!-- Generated by org.testng.reporters.JUnitReportReporter -->
<testsuite hostname="DESKTOP-LOH3IH4" failures="0" tests="5" name="api.admin.tests.ManageReturnTests" time="1.582" errors="0" timestamp="2023-11-21T17:48:55 IST" skipped="0">
  <testcase classname="api.admin.tests.ManageReturnTests" name="UpdateStatusFromPendingToReturnApproved" time="0.649"/>
  <system-out/>
  <testcase classname="api.admin.tests.ManageReturnTests" name="UpdateStatusFromRefundApprovedToReturned" time="0.289"/>
  <system-out/>
  <testcase classname="api.admin.tests.ManageReturnTests" name="UpdateStatusFromReturnedToRefundInitiated" time="0.228"/>
  <system-out/>
  <testcase classname="api.admin.tests.ManageReturnTests" name="UpdateStatusFromRefundInitiatedToRefunded" time="0.181"/>
  <system-out/>
  <testcase classname="api.admin.tests.ManageReturnTests" name="UpdateStatusToRejected" time="0.235"/>
  <system-out/>
</testsuite> <!-- api.admin.tests.ManageReturnTests -->
