<?xml version="1.0" encoding="UTF-8"?>
<!-- Generated by org.testng.reporters.JUnitReportReporter -->
<testsuite hostname="DESKTOP-LOH3IH4" failures="0" tests="11" name="api.admin.tests.ManageReviewTests" time="3.774" errors="0" timestamp="2023-11-21T17:48:55 IST" skipped="0">
  <testcase classname="api.admin.tests.ManageReviewTests" name="addRateAndReview" time="0.300"/>
  <system-out/>
  <testcase classname="api.admin.tests.ManageReviewTests" name="verifyGetRateAndReviewList" time="1.655"/>
  <system-out/>
  <testcase classname="api.admin.tests.ManageReviewTests" name="viewRateAndReviewList" time="0.243"/>
  <system-out/>
  <testcase classname="api.admin.tests.ManageReviewTests" name="addRateAndReviewWithoutStar" time="0.152"/>
  <system-out/>
  <testcase classname="api.admin.tests.ManageReviewTests" name="verifyRateAndReviewIsNotAddedForBlankTitle" time="0.125"/>
  <system-out/>
  <testcase classname="api.admin.tests.ManageReviewTests" name="verifyRateAndReviewIsNotAddedWithoutTitle" time="0.140"/>
  <system-out/>
  <testcase classname="api.admin.tests.ManageReviewTests" name="addRateAndReviewWithoutReviewMessage" time="0.129"/>
  <system-out/>
  <testcase classname="api.admin.tests.ManageReviewTests" name="UpdateStatusFromPendingToApproved" time="0.264"/>
  <system-out/>
  <testcase classname="api.admin.tests.ManageReviewTests" name="addRateAndReviewWithoutAssestsImage" time="0.143"/>
  <system-out/>
  <testcase classname="api.admin.tests.ManageReviewTests" name="deleteTheReview" time="0.481"/>
  <system-out/>
  <testcase classname="api.admin.tests.ManageReviewTests" name="addRateAndReviewWithoutCustomerId" time="0.142"/>
  <system-out/>
</testsuite> <!-- api.admin.tests.ManageReviewTests -->
