<?xml version="1.0" encoding="UTF-8"?>
<!-- Generated by org.testng.reporters.JUnitReportReporter -->
<testsuite hostname="DESKTOP-LOH3IH4" failures="0" tests="11" name="api.admin.tests.ManageActualSizeTests" time="18.659" errors="0" timestamp="2023-11-21T17:48:55 IST" skipped="0">
  <testcase classname="api.admin.tests.ManageActualSizeTests" name="createActualSize" time="0.189"/>
  <system-out/>
  <testcase classname="api.admin.tests.ManageActualSizeTests" name="getAndVerifyActualSizeListOnManageProduct" time="0.238"/>
  <system-out/>
  <testcase classname="api.admin.tests.ManageActualSizeTests" name="verifyGetActualSize" time="0.437"/>
  <system-out/>
  <testcase classname="api.admin.tests.ManageActualSizeTests" name="verifyCreatedActualSizeCannotBeAddedAgain" time="0.154"/>
  <system-out/>
  <testcase classname="api.admin.tests.ManageActualSizeTests" name="verifyActualSizeWithBlankActualSizeNameIsNotAdded" time="0.167"/>
  <system-out/>
  <testcase classname="api.admin.tests.ManageActualSizeTests" name="createActualSizeWithNullPriority" time="0.167"/>
  <system-out/>
  <testcase classname="api.admin.tests.ManageActualSizeTests" name="createActualSizeWithoutAttributeType" time="0.155"/>
  <system-out/>
  <testcase classname="api.admin.tests.ManageActualSizeTests" name="createActualSizeWithInvalidStatus" time="0.161"/>
  <system-out/>
  <testcase classname="api.admin.tests.ManageActualSizeTests" name="searchActualSize" time="0.459"/>
  <system-out/>
  <testcase classname="api.admin.tests.ManageActualSizeTests" name="editActualSize" time="16.198"/>
  <system-out/>
  <testcase classname="api.admin.tests.ManageActualSizeTests" name="activateAndDeactivateTheActualSize" time="0.334"/>
  <system-out/>
</testsuite> <!-- api.admin.tests.ManageActualSizeTests -->
