<?xml version="1.0" encoding="UTF-8"?>
<!-- Generated by org.testng.reporters.JUnitReportReporter -->
<testsuite skipped="0" hostname="DESKTOP-46AHGLC" name="web.tests.customer.SignInTest" tests="2" failures="0" timestamp="09 Feb 2023 13:34:03 GMT" time="5.435" errors="0">
  <testcase name="VeriyLoginToast" time="2.547" classname="web.tests.customer.SignInTest"/>
  <testcase name="VeriyProfileLinks" time="2.888" classname="web.tests.customer.SignInTest"/>
</testsuite> <!-- web.tests.customer.SignInTest -->
