<?xml version="1.0" encoding="UTF-8"?>
<!-- Generated by org.testng.reporters.JUnitReportReporter -->
<testsuite hostname="DESKTOP-LOH3IH4" failures="0" tests="10" name="api.admin.tests.ManageMaterialTypesTests" time="18.018" errors="0" timestamp="2023-11-21T17:48:55 IST" skipped="0">
  <testcase classname="api.admin.tests.ManageMaterialTypesTests" name="verifyAddMaterialTypes" time="0.212"/>
  <system-out/>
  <testcase classname="api.admin.tests.ManageMaterialTypesTests" name="verifyAddedMaterialTypeCannotBeAddedAgain" time="0.163"/>
  <system-out/>
  <testcase classname="api.admin.tests.ManageMaterialTypesTests" name="verifyMaterialTypewithNullMaterialName" time="0.118"/>
  <system-out/>
  <testcase classname="api.admin.tests.ManageMaterialTypesTests" name="verifyMaterialTypewithNullAttributeType" time="0.125"/>
  <system-out/>
  <testcase classname="api.admin.tests.ManageMaterialTypesTests" name="verifyMaterialTypewithNullStatus" time="0.133"/>
  <system-out/>
  <testcase classname="api.admin.tests.ManageMaterialTypesTests" name="verifyMaterialTypewithStatusWithIntegerValue" time="0.126"/>
  <system-out/>
  <testcase classname="api.admin.tests.ManageMaterialTypesTests" name="verifyMaterialList" time="0.280"/>
  <system-out/>
  <testcase classname="api.admin.tests.ManageMaterialTypesTests" name="getAndVerifyMaterialTypeListOnManageProduct" time="0.256"/>
  <system-out/>
  <testcase classname="api.admin.tests.ManageMaterialTypesTests" name="editMaterialTypes" time="16.233"/>
  <system-out/>
  <testcase classname="api.admin.tests.ManageMaterialTypesTests" name="activateAndDeactivateTheMaterialTypes" time="0.372"/>
  <system-out/>
</testsuite> <!-- api.admin.tests.ManageMaterialTypesTests -->
