<?xml version="1.0" encoding="UTF-8"?>
<!-- Generated by org.testng.reporters.JUnitReportReporter -->
<testsuite hostname="DESKTOP-LOH3IH4" failures="0" tests="7" name="api.admin.tests.ManageFAQTests" time="3.097" errors="0" timestamp="2023-11-21T17:48:55 IST" skipped="0">
  <testcase classname="api.admin.tests.ManageFAQTests" name="createFAQ" time="0.230"/>
  <system-out/>
  <testcase classname="api.admin.tests.ManageFAQTests" name="getAndVerifyFAQListOnManageProduct" time="0.345"/>
  <system-out/>
  <testcase classname="api.admin.tests.ManageFAQTests" name="verifyGetFAQList" time="1.594"/>
  <system-out/>
  <testcase classname="api.admin.tests.ManageFAQTests" name="editFAQ" time="0.237"/>
  <system-out/>
  <testcase classname="api.admin.tests.ManageFAQTests" name="activateAndDeactivateTheFAQ" time="0.370"/>
  <system-out/>
  <testcase classname="api.admin.tests.ManageFAQTests" name="createFAQWithoutQuestion" time="0.168"/>
  <system-out/>
  <testcase classname="api.admin.tests.ManageFAQTests" name="createFAQWithoutAnswer" time="0.153"/>
  <system-out/>
</testsuite> <!-- api.admin.tests.ManageFAQTests -->
