<?xml version="1.0" encoding="UTF-8"?>
<!-- Generated by org.testng.reporters.JUnitReportReporter -->
<testsuite hostname="DESKTOP-LOH3IH4" failures="0" tests="6" name="api.admin.tests.DiscountWithPercentageValueTests" time="9.552" errors="0" timestamp="2023-11-21T17:48:55 IST" skipped="0">
  <testcase classname="api.admin.tests.DiscountWithPercentageValueTests" name="createDiscountWithValueCoupon" time="4.370"/>
  <system-out/>
  <testcase classname="api.admin.tests.DiscountWithPercentageValueTests" name="verifyDiscountWithValueList" time="0.790"/>
  <system-out/>
  <testcase classname="api.admin.tests.DiscountWithPercentageValueTests" name="editDiscountCoupon" time="1.810"/>
  <system-out/>
  <testcase classname="api.admin.tests.DiscountWithPercentageValueTests" name="deactivateCoupon" time="0.380"/>
  <system-out/>
  <testcase classname="api.admin.tests.DiscountWithPercentageValueTests" name="activateCoupon" time="0.202"/>
  <system-out/>
  <testcase classname="api.admin.tests.DiscountWithPercentageValueTests" name="verifyDeleteFreeShippingCoupon" time="2.000"/>
  <system-out/>
</testsuite> <!-- api.admin.tests.DiscountWithPercentageValueTests -->
