<?xml version="1.0" encoding="UTF-8"?>
<!-- Generated by org.testng.reporters.JUnitReportReporter -->
<testsuite hostname="DESKTOP-DFBU44I" failures="0" tests="1" name="api.customer.tests.LoginTests" time="3.202" errors="0" timestamp="2023-06-12T16:58:57 IST" skipped="0">
  <testcase classname="api.customer.tests.LoginTests" name="createSession" time="3.202"/>
  <system-out/>
</testsuite> <!-- api.customer.tests.LoginTests -->
