<?xml version="1.0" encoding="UTF-8"?>
<!-- Generated by org.testng.reporters.JUnitReportReporter -->
<testsuite hostname="DESKTOP-LOH3IH4" failures="0" tests="11" name="api.customer.tests.AddressTests" time="1.887" errors="0" timestamp="2023-11-21T17:48:55 IST" skipped="0">
  <testcase classname="api.customer.tests.AddressTests" name="createAddress" time="0.252"/>
  <system-out/>
  <testcase classname="api.customer.tests.AddressTests" name="createAddressWithoutEnteringCityName" time="0.130"/>
  <system-out/>
  <testcase classname="api.customer.tests.AddressTests" name="createAddressWithoutEnteringStateName" time="0.140"/>
  <system-out/>
  <testcase classname="api.customer.tests.AddressTests" name="createAddressWithoutEnteringPincode" time="0.149"/>
  <system-out/>
  <testcase classname="api.customer.tests.AddressTests" name="createAddressWithoutEnteringPhoneNumber" time="0.119"/>
  <system-out/>
  <testcase classname="api.customer.tests.AddressTests" name="createAddressWithoutEnteringName" time="0.155"/>
  <system-out/>
  <testcase classname="api.customer.tests.AddressTests" name="createAddressWithoutLandmark" time="0.125"/>
  <system-out/>
  <testcase classname="api.customer.tests.AddressTests" name="createAddressWithBlankAddressField" time="0.119"/>
  <system-out/>
  <testcase classname="api.customer.tests.AddressTests" name="verifyAndGetAddressList" time="0.250"/>
  <system-out/>
  <testcase classname="api.customer.tests.AddressTests" name="updateAddress" time="0.232"/>
  <system-out/>
  <testcase classname="api.customer.tests.AddressTests" name="deleteCreatedAddress" time="0.216"/>
  <system-out/>
</testsuite> <!-- api.customer.tests.AddressTests -->
