<?xml version="1.0" encoding="UTF-8"?>
<!-- Generated by org.testng.reporters.JUnitReportReporter -->
<testsuite hostname="DESKTOP-LOH3IH4" failures="0" tests="4" name="api.customer.tests.WishlistTests" time="4.391" errors="0" timestamp="2023-11-21T17:48:55 IST" skipped="0">
  <testcase classname="api.customer.tests.WishlistTests" name="verifyCreateWishlist" time="0.266"/>
  <system-out/>
  <testcase classname="api.customer.tests.WishlistTests" name="verifyCreateWishlistWithNullWishlistName" time="0.143"/>
  <system-out/>
  <testcase classname="api.customer.tests.WishlistTests" name="getAddedWishlistLists" time="0.597"/>
  <system-out/>
  <testcase classname="api.customer.tests.WishlistTests" name="addProductInWishlist" time="3.385"/>
  <system-out/>
</testsuite> <!-- api.customer.tests.WishlistTests -->
