<?xml version="1.0" encoding="UTF-8"?>
<!-- Generated by org.testng.reporters.JUnitReportReporter -->
<testsuite skipped="0" hostname="DESKTOP-46AHGLC" name="web.tests.admin.ManageFAQ" tests="1" failures="0" timestamp="2023-03-06T19:01:14 IST" time="27.723" errors="0">
  <testcase name="addManageFAQ" time="27.723" classname="web.tests.admin.ManageFAQ"/>
  <system-out/>
</testsuite> <!-- web.tests.admin.ManageFAQ -->
