<?xml version="1.0" encoding="UTF-8"?>
<!-- Generated by org.testng.reporters.JUnitReportReporter -->
<testsuite hostname="DESKTOP-LOH3IH4" failures="0" tests="1" name="api.admin.tests.ManageProductNewArrivalNotAllowedTests" time="0.327" errors="0" timestamp="2023-11-21T17:48:55 IST" skipped="0">
  <testcase classname="api.admin.tests.ManageProductNewArrivalNotAllowedTests" name="addProduct_ArrivalNotAllowed" time="0.327"/>
  <system-out/>
</testsuite> <!-- api.admin.tests.ManageProductNewArrivalNotAllowedTests -->
