<?xml version="1.0" encoding="UTF-8"?>
<!-- Generated by org.testng.reporters.JUnitReportReporter -->
<testsuite hostname="DESKTOP-LOH3IH4" failures="0" tests="7" name="api.admin.tests.ManageColorsTests" time="1.747" errors="0" timestamp="2023-11-21T17:48:55 IST" skipped="0">
  <testcase classname="api.admin.tests.ManageColorsTests" name="getColorsList" time="0.734"/>
  <system-out/>
  <testcase classname="api.admin.tests.ManageColorsTests" name="getAndVerifyColorListOnManageProduct" time="0.191"/>
  <system-out/>
  <testcase classname="api.admin.tests.ManageColorsTests" name="verifyActivationAndDeactivationOfColor" time="0.291"/>
  <system-out/>
  <testcase classname="api.admin.tests.ManageColorsTests" name="searchColor" time="0.130"/>
  <system-out/>
  <testcase classname="api.admin.tests.ManageColorsTests" name="VerifyAddColorWithNullName" time="0.133"/>
  <system-out/>
  <testcase classname="api.admin.tests.ManageColorsTests" name="VerifyAddColorWithIntegerValue" time="0.132"/>
  <system-out/>
  <testcase classname="api.admin.tests.ManageColorsTests" name="VerifyAddColorWithSameName" time="0.136"/>
  <system-out/>
</testsuite> <!-- api.admin.tests.ManageColorsTests -->
