<?xml version="1.0" encoding="UTF-8"?>
<!-- Generated by org.testng.reporters.JUnitReportReporter -->
<testsuite skipped="0" hostname="DESKTOP-46AHGLC" name="web.tests.admin.SignInTest1" tests="1" failures="0" timestamp="09 Feb 2023 05:29:46 GMT" time="33.092" errors="0">
  <testcase name="VeriyLoginToast" time="33.092" classname="web.tests.admin.SignInTest1"/>
</testsuite> <!-- web.tests.admin.SignInTest1 -->
