<?xml version="1.0" encoding="UTF-8"?>
<!-- Generated by org.testng.reporters.JUnitReportReporter -->
<testsuite hostname="DESKTOP-LOH3IH4" failures="0" tests="10" name="api.admin.tests.ManageProductTypeTests" time="2.279" errors="0" timestamp="2023-11-21T17:48:55 IST" skipped="0">
  <testcase classname="api.admin.tests.ManageProductTypeTests" name="addProductTypes" time="0.158"/>
  <system-out/>
  <testcase classname="api.admin.tests.ManageProductTypeTests" name="searchProductType" time="0.275"/>
  <system-out/>
  <testcase classname="api.admin.tests.ManageProductTypeTests" name="verifyListProductType" time="0.509"/>
  <system-out/>
  <testcase classname="api.admin.tests.ManageProductTypeTests" name="getProductTypeOnManageProduct" time="0.252"/>
  <system-out/>
  <testcase classname="api.admin.tests.ManageProductTypeTests" name="editProductType" time="0.187"/>
  <system-out/>
  <testcase classname="api.admin.tests.ManageProductTypeTests" name="activateAndDeactivateProductType" time="0.333"/>
  <system-out/>
  <testcase classname="api.admin.tests.ManageProductTypeTests" name="addProductTypesWithoutName" time="0.160"/>
  <system-out/>
  <testcase classname="api.admin.tests.ManageProductTypeTests" name="addProductTypesWithoutPriority" time="0.152"/>
  <system-out/>
  <testcase classname="api.admin.tests.ManageProductTypeTests" name="addProductTypesWithInvalidStatus" time="0.116"/>
  <system-out/>
  <testcase classname="api.admin.tests.ManageProductTypeTests" name="addProductTypesWithoutStatus" time="0.137"/>
  <system-out/>
</testsuite> <!-- api.admin.tests.ManageProductTypeTests -->
