<?xml version="1.0" encoding="UTF-8"?>
<!-- Generated by org.testng.reporters.JUnitReportReporter -->
<testsuite hostname="DESKTOP-LOH3IH4" failures="0" tests="27" name="api.admin.tests.ManageDashboardTests" time="15.324" errors="0" timestamp="2023-11-21T17:48:55 IST" skipped="0">
  <testcase classname="api.admin.tests.ManageDashboardTests" name="verifyCallBackRequestCountForFinancialYear" time="0.478"/>
  <system-out/>
  <testcase classname="api.admin.tests.ManageDashboardTests" name="verifyCallBackRequestCountForToday" time="0.346"/>
  <system-out/>
  <testcase classname="api.admin.tests.ManageDashboardTests" name="verifyCallBackRequestCountForYesterday" time="0.348"/>
  <system-out/>
  <testcase classname="api.admin.tests.ManageDashboardTests" name="verifyManageMakeToOrderRecordsForFinancialYear" time="0.342"/>
  <system-out/>
  <testcase classname="api.admin.tests.ManageDashboardTests" name="verifyManageMakeToOrderRecordsForToday" time="1.345"/>
  <system-out/>
  <testcase classname="api.admin.tests.ManageDashboardTests" name="verifyManageMakeToOrderRecordsForYesterday" time="0.308"/>
  <system-out/>
  <testcase classname="api.admin.tests.ManageDashboardTests" name="verifyManageMakeToOrderRecordsForThisWeek" time="0.387"/>
  <system-out/>
  <testcase classname="api.admin.tests.ManageDashboardTests" name="verifyManageMakeToOrderRecordsForThisMonth" time="0.328"/>
  <system-out/>
  <testcase classname="api.admin.tests.ManageDashboardTests" name="verifyManageMakeToOrderRecordsForLastMonth" time="0.303"/>
  <system-out/>
  <testcase classname="api.admin.tests.ManageDashboardTests" name="verifyCustomerCountForTodaysDate" time="0.318"/>
  <system-out/>
  <testcase classname="api.admin.tests.ManageDashboardTests" name="verifyCustomerCountForThisWeek" time="0.297"/>
  <system-out/>
  <testcase classname="api.admin.tests.ManageDashboardTests" name="verifyCustomerCountForThisMonthDate" time="0.283"/>
  <system-out/>
  <testcase classname="api.admin.tests.ManageDashboardTests" name="verifyCustomerCountForLastMonthDate" time="0.359"/>
  <system-out/>
  <testcase classname="api.admin.tests.ManageDashboardTests" name="verifyCustomerCountForYesterdaysDate" time="0.333"/>
  <system-out/>
  <testcase classname="api.admin.tests.ManageDashboardTests" name="verifyAllComplaintsCountForTodaysDate" time="0.406"/>
  <system-out/>
  <testcase classname="api.admin.tests.ManageDashboardTests" name="verifyAllComplaintsCountForYesterdaysDate" time="1.309"/>
  <system-out/>
  <testcase classname="api.admin.tests.ManageDashboardTests" name="verifyAllComplaintsCountForThisWeek" time="0.311"/>
  <system-out/>
  <testcase classname="api.admin.tests.ManageDashboardTests" name="verifyAllComplaintsCountForThisMonth" time="0.595"/>
  <system-out/>
  <testcase classname="api.admin.tests.ManageDashboardTests" name="verifyAllComplaintsCountForLastMonth" time="0.662"/>
  <system-out/>
  <testcase classname="api.admin.tests.ManageDashboardTests" name="verifyReturnRequestCountForToday" time="2.361"/>
  <system-out/>
  <testcase classname="api.admin.tests.ManageDashboardTests" name="verifyReturnRequestCountForYesterday" time="0.369"/>
  <system-out/>
  <testcase classname="api.admin.tests.ManageDashboardTests" name="verifyReturnRequestCountForThisWeek" time="0.366"/>
  <system-out/>
  <testcase classname="api.admin.tests.ManageDashboardTests" name="verifyReturnRequestCountForThisMonth" time="0.745"/>
  <system-out/>
  <testcase classname="api.admin.tests.ManageDashboardTests" name="verifyReturnRequestCountForLastMonth" time="0.676"/>
  <system-out/>
  <testcase classname="api.admin.tests.ManageDashboardTests" name="verifyTodaysRequestForPriceData" time="0.684"/>
  <system-out/>
  <testcase classname="api.admin.tests.ManageDashboardTests" name="verifyThisWeekRequestForPriceData" time="0.505"/>
  <system-out/>
  <testcase classname="api.admin.tests.ManageDashboardTests" name="verifyThisMonthRequestForPriceData" time="0.560"/>
  <system-out/>
</testsuite> <!-- api.admin.tests.ManageDashboardTests -->
