<?xml version="1.0" encoding="UTF-8"?>
<!-- Generated by org.testng.reporters.JUnitReportReporter -->
<testsuite hostname="INNODS0020" failures="0" tests="14" name="api.admin.tests.ManageFinishTests" time="6.301" errors="0" timestamp="2024-02-19T16:04:27 IST" skipped="0">
  <testcase classname="api.admin.tests.ManageFinishTests" name="verifyAddFinish" time="2.878"/>
  <system-out/>
  <testcase classname="api.admin.tests.ManageFinishTests" name="verifyAlreadyExistingFinishNameIsNotAdded" time="0.195"/>
  <system-out/>
  <testcase classname="api.admin.tests.ManageFinishTests" name="verifyFinishAtributeWithBlankFinishNameIsNotAdded" time="0.144"/>
  <system-out/>
  <testcase classname="api.admin.tests.ManageFinishTests" name="verifyFinishAtributeWithBlankAttributeIsNotAdded" time="0.134"/>
  <system-out/>
  <testcase classname="api.admin.tests.ManageFinishTests" name="createFinishwithNullName" time="0.158"/>
  <system-out/>
  <testcase classname="api.admin.tests.ManageFinishTests" name="verifyFinishList" time="0.705"/>
  <system-out/>
  <testcase classname="api.admin.tests.ManageFinishTests" name="createFinishwithNullAttributeType" time="0.184"/>
  <system-out/>
  <testcase classname="api.admin.tests.ManageFinishTests" name="getAndVerifyFinishListOnManageProduct" time="0.307"/>
  <system-out/>
  <testcase classname="api.admin.tests.ManageFinishTests" name="editFinish" time="0.216"/>
  <system-out/>
  <testcase classname="api.admin.tests.ManageFinishTests" name="createFinishwithNullStatusValue" time="0.132"/>
  <system-out/>
  <testcase classname="api.admin.tests.ManageFinishTests" name="activateAndDeactivateTheFinishAttribute" time="0.402"/>
  <system-out/>
  <testcase classname="api.admin.tests.ManageFinishTests" name="VerifyAddFinishNameWithIntegerValue" time="0.130"/>
  <system-out/>
  <testcase classname="api.admin.tests.ManageFinishTests" name="VerifyAddFinishWithIntegerStatusValue" time="0.176"/>
  <system-out/>
  <testcase classname="api.admin.tests.ManageFinishTests" name="searchFinish" time="0.540"/>
  <system-out/>
</testsuite> <!-- api.admin.tests.ManageFinishTests -->
