<?xml version="1.0" encoding="UTF-8"?>
<!-- Generated by org.testng.reporters.JUnitReportReporter -->
<testsuite hostname="DESKTOP-LOH3IH4" failures="0" tests="4" name="api.admin.tests.DiscountWithValueCouponTests" time="1.874" errors="0" timestamp="2023-11-21T17:48:55 IST" skipped="0">
  <testcase classname="api.admin.tests.DiscountWithValueCouponTests" name="createDiscountWithValueCoupon" time="0.389"/>
  <system-out/>
  <testcase classname="api.admin.tests.DiscountWithValueCouponTests" name="verifyDiscountWithValueList" time="0.489"/>
  <system-out/>
  <testcase classname="api.admin.tests.DiscountWithValueCouponTests" name="editDiscountCoupon" time="0.381"/>
  <system-out/>
  <testcase classname="api.admin.tests.DiscountWithValueCouponTests" name="verifyDeleteFreeShippingCoupon" time="0.615"/>
  <system-out/>
</testsuite> <!-- api.admin.tests.DiscountWithValueCouponTests -->
