<?xml version="1.0" encoding="UTF-8"?>
<!-- Generated by org.testng.reporters.JUnitReportReporter -->
<testsuite hostname="DESKTOP-LOH3IH4" failures="0" tests="1" name="api.admin.tests.ManageProductTests_Kg" time="4.071" errors="0" timestamp="2024-01-02T18:59:03 IST" skipped="0">
  <testcase classname="api.admin.tests.ManageProductTests_Kg" name="addProduct_Kg" time="4.071"/>
  <system-out/>
</testsuite> <!-- api.admin.tests.ManageProductTests_Kg -->
