<?xml version="1.0" encoding="UTF-8"?>
<!-- Generated by org.testng.reporters.JUnitReportReporter -->
<testsuite hostname="DESKTOP-LOH3IH4" failures="0" tests="9" name="api.admin.tests.ManageLayoutTests" time="2.395" errors="0" timestamp="2023-11-21T17:48:55 IST" skipped="0">
  <testcase classname="api.admin.tests.ManageLayoutTests" name="addLayout" time="0.210"/>
  <system-out/>
  <testcase classname="api.admin.tests.ManageLayoutTests" name="verifyGetLayoutList" time="0.472"/>
  <system-out/>
  <testcase classname="api.admin.tests.ManageLayoutTests" name="getAndVerifyLayoutListOnManageProduct" time="0.266"/>
  <system-out/>
  <testcase classname="api.admin.tests.ManageLayoutTests" name="editLayout" time="0.243"/>
  <system-out/>
  <testcase classname="api.admin.tests.ManageLayoutTests" name="activateAndDeactivateTheManageLayout" time="0.411"/>
  <system-out/>
  <testcase classname="api.admin.tests.ManageLayoutTests" name="addLayoutWithoutLayoutName" time="0.163"/>
  <system-out/>
  <testcase classname="api.admin.tests.ManageLayoutTests" name="addLayoutWithoutLayoutImage" time="0.339"/>
  <system-out/>
  <testcase classname="api.admin.tests.ManageLayoutTests" name="addLayoutWithInvalidStatus" time="0.147"/>
  <system-out/>
  <testcase classname="api.admin.tests.ManageLayoutTests" name="addLayoutWithNegativePriority" time="0.144"/>
  <system-out/>
</testsuite> <!-- api.admin.tests.ManageLayoutTests -->
