<?xml version="1.0" encoding="UTF-8"?>
<!-- Generated by org.testng.reporters.JUnitReportReporter -->
<testsuite hostname="DESKTOP-46AHGLC" failures="0" tests="1" name="web.tests.admin.ManageBlogs" time="69.241" errors="0" timestamp="2023-08-01T17:09:08 IST" skipped="0">
  <testcase classname="web.tests.admin.ManageBlogs" name="editManageBlogCategory" time="69.241"/>
  <system-out/>
</testsuite> <!-- web.tests.admin.ManageBlogs -->
