<?xml version="1.0" encoding="UTF-8"?>
<!-- Generated by org.testng.reporters.JUnitReportReporter -->
<testsuite hostname="DESKTOP-LOH3IH4" failures="0" tests="18" name="api.admin.tests.ManageCountryOfManufactureTests" time="28.449" errors="0" timestamp="2023-11-21T17:48:55 IST" skipped="0">
  <testcase classname="api.admin.tests.ManageCountryOfManufactureTests" name="createCountryOfManufacture" time="0.185"/>
  <system-out/>
  <testcase classname="api.admin.tests.ManageCountryOfManufactureTests" name="VerifyAddCountryWithExistingName" time="0.160"/>
  <system-out/>
  <testcase classname="api.admin.tests.ManageCountryOfManufactureTests" name="verifyGetCountryOfManufacture" time="0.372"/>
  <system-out/>
  <testcase classname="api.admin.tests.ManageCountryOfManufactureTests" name="getAndVerifyCountryManufactureListOnManageProduct" time="9.246"/>
  <system-out/>
  <testcase classname="api.admin.tests.ManageCountryOfManufactureTests" name="editCountryOfManufacture" time="16.243"/>
  <system-out/>
  <testcase classname="api.admin.tests.ManageCountryOfManufactureTests" name="searchCountryOfManufacture" time="0.393"/>
  <system-out/>
  <testcase classname="api.admin.tests.ManageCountryOfManufactureTests" name="createCountrywithNullCountryName" time="0.155"/>
  <system-out/>
  <testcase classname="api.admin.tests.ManageCountryOfManufactureTests" name="createCountrywithNullAttributeType" time="0.163"/>
  <system-out/>
  <testcase classname="api.admin.tests.ManageCountryOfManufactureTests" name="createCountrywithNullStatusValue" time="0.128"/>
  <system-out/>
  <testcase classname="api.admin.tests.ManageCountryOfManufactureTests" name="VerifyAddCountryNameWithIntegerValue" time="0.155"/>
  <system-out/>
  <testcase classname="api.admin.tests.ManageCountryOfManufactureTests" name="VerifyAddCountryWithIntegerStatusValue" time="0.128"/>
  <system-out/>
  <testcase classname="api.admin.tests.ManageCountryOfManufactureTests" name="VerifyEditCountryWithExistingName" time="0.150"/>
  <system-out/>
  <testcase classname="api.admin.tests.ManageCountryOfManufactureTests" name="VerifyEditCountryWithInvalidCountryId" time="0.146"/>
  <system-out/>
  <testcase classname="api.admin.tests.ManageCountryOfManufactureTests" name="VerifyEditCountryWithIntegerName" time="0.141"/>
  <system-out/>
  <testcase classname="api.admin.tests.ManageCountryOfManufactureTests" name="VerifyEditCountryWithIntegerStatusValue" time="0.124"/>
  <system-out/>
  <testcase classname="api.admin.tests.ManageCountryOfManufactureTests" name="editCountrywithNullStatusValue" time="0.119"/>
  <system-out/>
  <testcase classname="api.admin.tests.ManageCountryOfManufactureTests" name="editCountrywithNullCountryName" time="0.131"/>
  <system-out/>
  <testcase classname="api.admin.tests.ManageCountryOfManufactureTests" name="activateAndDeactivateTheManageSinkMountType" time="0.310"/>
  <system-out/>
</testsuite> <!-- api.admin.tests.ManageCountryOfManufactureTests -->
