<?xml version="1.0" encoding="UTF-8"?>
<!-- Generated by org.testng.reporters.JUnitReportReporter -->
<testsuite skipped="0" hostname="DESKTOP-46AHGLC" name="web.tests.admin.ManageQuality" tests="1" failures="0" timestamp="2023-03-06T19:01:14 IST" time="30.034" errors="0">
  <testcase name="addManageQuality" time="30.034" classname="web.tests.admin.ManageQuality"/>
  <system-out/>
</testsuite> <!-- web.tests.admin.ManageQuality -->
