<?xml version="1.0" encoding="UTF-8"?>
<!-- Generated by org.testng.reporters.JUnitReportReporter -->
<testsuite hostname="DESKTOP-LOH3IH4" failures="0" tests="1" name="api.customer.tests.PreferencesTests" time="0.241" errors="0" timestamp="2023-11-21T17:48:55 IST" skipped="0">
  <testcase classname="api.customer.tests.PreferencesTests" name="updatePreferences" time="0.241"/>
  <system-out/>
</testsuite> <!-- api.customer.tests.PreferencesTests -->
