<?xml version="1.0" encoding="UTF-8"?>
<!-- Generated by org.testng.reporters.JUnitReportReporter -->
<testsuite hostname="DESKTOP-DFBU44I" failures="0" tests="7" name="api.admin.tests.CouponTests" time="18.721" errors="0" timestamp="2023-06-09T17:19:18 IST" skipped="0">
  <testcase classname="api.admin.tests.CouponTests" name="addAndVerifyFreeShippingCoupon" time="7.159"/>
  <system-out/>
  <testcase classname="api.admin.tests.CouponTests" name="verifyDeleteFreeShippingCoupon" time="5.197"/>
  <system-out/>
  <testcase classname="api.admin.tests.CouponTests" name="addDiscountCoupon" time="0.391"/>
  <system-out/>
  <testcase classname="api.admin.tests.CouponTests" name="verifyDiscountCouponList" time="2.008"/>
  <system-out/>
  <testcase classname="api.admin.tests.CouponTests" name="editDiscountCoupon" time="1.813"/>
  <system-out/>
  <testcase classname="api.admin.tests.CouponTests" name="deactivateCoupon" time="1.829"/>
  <system-out/>
  <testcase classname="api.admin.tests.CouponTests" name="activateCoupon" time="0.324"/>
  <system-out/>
</testsuite> <!-- api.admin.tests.CouponTests -->
