<?xml version="1.0" encoding="UTF-8"?>
<!-- Generated by org.testng.reporters.JUnitReportReporter -->
<testsuite hostname="DESKTOP-LOH3IH4" failures="0" tests="6" name="api.admin.tests.FreeShippingCouponTests" time="1.788" errors="0" timestamp="2023-11-21T17:48:55 IST" skipped="0">
  <testcase classname="api.admin.tests.FreeShippingCouponTests" name="createFreeShippingCoupon" time="0.366"/>
  <system-out/>
  <testcase classname="api.admin.tests.FreeShippingCouponTests" name="verifyAddedCouponCodeCannotBeAddedAgain" time="0.192"/>
  <system-out/>
  <testcase classname="api.admin.tests.FreeShippingCouponTests" name="createFreeShippingCouponWithoutCouponCode" time="0.138"/>
  <system-out/>
  <testcase classname="api.admin.tests.FreeShippingCouponTests" name="verifyFreeShippingCouponList" time="0.355"/>
  <system-out/>
  <testcase classname="api.admin.tests.FreeShippingCouponTests" name="editFreeShippingCoupon" time="0.251"/>
  <system-out/>
  <testcase classname="api.admin.tests.FreeShippingCouponTests" name="verifyDeleteFreeShippingCoupon" time="0.486"/>
  <system-out/>
</testsuite> <!-- api.admin.tests.FreeShippingCouponTests -->
