<?xml version="1.0" encoding="UTF-8"?>
<!-- Generated by org.testng.reporters.JUnitReportReporter -->
<testsuite hostname="DESKTOP-LOH3IH4" failures="0" tests="1" name="api.admin.tests.ManageProductRequestPriceAllowedTests" time="0.222" errors="0" timestamp="2023-11-21T17:48:55 IST" skipped="0">
  <testcase classname="api.admin.tests.ManageProductRequestPriceAllowedTests" name="addProduct_RequestForPriceTrue" time="0.222"/>
  <system-out/>
</testsuite> <!-- api.admin.tests.ManageProductRequestPriceAllowedTests -->
