<?xml version="1.0" encoding="UTF-8"?>
<!-- Generated by org.testng.reporters.JUnitReportReporter -->
<testsuite hostname="LAPTOP-79L4EBQG" failures="0" tests="1" name="api.admin.tests.DeleteModuleApis" time="3.514" errors="0" timestamp="2023-04-25T13:39:37 IST" skipped="0">
  <testcase classname="api.admin.tests.DeleteModuleApis" name="deleteTheBrand" time="3.514"/>
  <system-out/>
</testsuite> <!-- api.admin.tests.DeleteModuleApis -->
