<?xml version="1.0" encoding="UTF-8"?>
<!-- Generated by org.testng.reporters.JUnitReportReporter -->
<testsuite hostname="DESKTOP-46AHGLC" failures="0" tests="1" name="web.tests.admin.ManageInspirationGallery" time="35.056" errors="0" timestamp="2023-08-03T15:41:11 IST" skipped="0">
  <testcase classname="web.tests.admin.ManageInspirationGallery" name="editNewTheme" time="35.056"/>
  <system-out/>
</testsuite> <!-- web.tests.admin.ManageInspirationGallery -->
