<?xml version="1.0" encoding="UTF-8"?>
<!-- Generated by org.testng.reporters.JUnitReportReporter -->
<testsuite hostname="DESKTOP-LOH3IH4" failures="0" tests="10" name="api.customer.tests.MakeToOrderTests" time="5.420" errors="0" timestamp="2023-11-21T17:48:55 IST" skipped="0">
  <testcase classname="api.customer.tests.MakeToOrderTests" name="getCustomerProfileData" time="0.200"/>
  <system-out/>
  <testcase classname="api.customer.tests.MakeToOrderTests" name="createMakeToOrderFromCustomer" time="0.319"/>
  <system-out/>
  <testcase classname="api.customer.tests.MakeToOrderTests" name="verifyMakeToOrderOnAdmin" time="3.463"/>
  <system-out/>
  <testcase classname="api.customer.tests.MakeToOrderTests" name="viewMakeToOrder_Admin" time="0.228"/>
  <system-out/>
  <testcase classname="api.customer.tests.MakeToOrderTests" name="resolveMakeToOrder" time="0.286"/>
  <system-out/>
  <testcase classname="api.customer.tests.MakeToOrderTests" name="unresolveMakeToOrder" time="0.179"/>
  <system-out/>
  <testcase classname="api.customer.tests.MakeToOrderTests" name="deleteMakeToOrder" time="0.250"/>
  <system-out/>
  <testcase classname="api.customer.tests.MakeToOrderTests" name="createMakeToOrderFromCustomerWithoutFirstName" time="0.131"/>
  <system-out/>
  <testcase classname="api.customer.tests.MakeToOrderTests" name="createMakeToOrderFromCustomerWithoutLastName" time="0.126"/>
  <system-out/>
  <testcase classname="api.customer.tests.MakeToOrderTests" name="createMakeToOrderFromCustomerWithoutRefLink" time="0.238"/>
  <system-out/>
</testsuite> <!-- api.customer.tests.MakeToOrderTests -->
