<?xml version="1.0" encoding="UTF-8"?>
<!-- Generated by org.testng.reporters.JUnitReportReporter -->
<testsuite hostname="DESKTOP-LOH3IH4" failures="0" tests="11" name="api.admin.tests.ManageSinkTypeTests" time="2.169" errors="0" timestamp="2023-11-21T17:48:55 IST" skipped="0">
  <testcase classname="api.admin.tests.ManageSinkTypeTests" name="addSinkType" time="0.149"/>
  <system-out/>
  <testcase classname="api.admin.tests.ManageSinkTypeTests" name="verifyAddedSinkTypeCannotBeAddedAgain" time="0.142"/>
  <system-out/>
  <testcase classname="api.admin.tests.ManageSinkTypeTests" name="verifySinkTypewithNullSinkTypeName" time="0.121"/>
  <system-out/>
  <testcase classname="api.admin.tests.ManageSinkTypeTests" name="verifySinkTypewithNullAttributeType" time="0.153"/>
  <system-out/>
  <testcase classname="api.admin.tests.ManageSinkTypeTests" name="verifySinkTypewithNullStatus" time="0.127"/>
  <system-out/>
  <testcase classname="api.admin.tests.ManageSinkTypeTests" name="verifySinkTypewithStatusWithIntegerValue" time="0.129"/>
  <system-out/>
  <testcase classname="api.admin.tests.ManageSinkTypeTests" name="searchSinkMountType" time="0.304"/>
  <system-out/>
  <testcase classname="api.admin.tests.ManageSinkTypeTests" name="getSinkList" time="0.258"/>
  <system-out/>
  <testcase classname="api.admin.tests.ManageSinkTypeTests" name="getAndVerifySinkTypeListOnManageProduct" time="0.240"/>
  <system-out/>
  <testcase classname="api.admin.tests.ManageSinkTypeTests" name="editSinkType" time="0.211"/>
  <system-out/>
  <testcase classname="api.admin.tests.ManageSinkTypeTests" name="activateAndDeactivateTheManageSinkType" time="0.335"/>
  <system-out/>
</testsuite> <!-- api.admin.tests.ManageSinkTypeTests -->
