<?xml version="1.0" encoding="UTF-8"?>
<!-- Generated by org.testng.reporters.JUnitReportReporter -->
<testsuite hostname="DESKTOP-LOH3IH4" failures="0" tests="1" name="api.admin.tests.ManageProductFeaturedNotAllowedTests" time="0.308" errors="0" timestamp="2023-11-21T17:48:55 IST" skipped="0">
  <testcase classname="api.admin.tests.ManageProductFeaturedNotAllowedTests" name="addProduct_FeaturedNotAllowed" time="0.308"/>
  <system-out/>
</testsuite> <!-- api.admin.tests.ManageProductFeaturedNotAllowedTests -->
