<?xml version="1.0" encoding="UTF-8"?>
<!-- Generated by org.testng.reporters.JUnitReportReporter -->
<testsuite hostname="DESKTOP-LOH3IH4" failures="0" tests="11" name="api.admin.tests.ManageFilterSizeTests" time="2.334" errors="0" timestamp="2023-11-21T17:48:55 IST" skipped="0">
  <testcase classname="api.admin.tests.ManageFilterSizeTests" name="createFilterSize" time="0.187"/>
  <system-out/>
  <testcase classname="api.admin.tests.ManageFilterSizeTests" name="searchFilterSize" time="0.347"/>
  <system-out/>
  <testcase classname="api.admin.tests.ManageFilterSizeTests" name="verifyGetFilterSize" time="0.324"/>
  <system-out/>
  <testcase classname="api.admin.tests.ManageFilterSizeTests" name="getAndVerifyFilterSizeListOnManageProduct" time="0.240"/>
  <system-out/>
  <testcase classname="api.admin.tests.ManageFilterSizeTests" name="editFilterSize" time="0.185"/>
  <system-out/>
  <testcase classname="api.admin.tests.ManageFilterSizeTests" name="activateAndDeactivateTheFilterSize" time="0.327"/>
  <system-out/>
  <testcase classname="api.admin.tests.ManageFilterSizeTests" name="createFilterwithNullName" time="0.152"/>
  <system-out/>
  <testcase classname="api.admin.tests.ManageFilterSizeTests" name="createFilterwithNullAttributeType" time="0.127"/>
  <system-out/>
  <testcase classname="api.admin.tests.ManageFilterSizeTests" name="createFilterwithNullStatusValue" time="0.141"/>
  <system-out/>
  <testcase classname="api.admin.tests.ManageFilterSizeTests" name="VerifyAddFilterSizeNameWithIntegerValue" time="0.143"/>
  <system-out/>
  <testcase classname="api.admin.tests.ManageFilterSizeTests" name="VerifyAddFilterSizeWithIntegerStatusValue" time="0.161"/>
  <system-out/>
</testsuite> <!-- api.admin.tests.ManageFilterSizeTests -->
