<?xml version="1.0" encoding="UTF-8"?>
<!-- Generated by org.testng.reporters.JUnitReportReporter -->
<testsuite hostname="DESKTOP-LOH3IH4" failures="0" tests="9" name="api.admin.tests.ManageProductOverviewTests" time="2.132" errors="0" timestamp="2023-11-21T17:48:55 IST" skipped="0">
  <testcase classname="api.admin.tests.ManageProductOverviewTests" name="addProductOverview" time="0.213"/>
  <system-out/>
  <testcase classname="api.admin.tests.ManageProductOverviewTests" name="verifyProductOverviewIsNotAddedWithoutName" time="0.122"/>
  <system-out/>
  <testcase classname="api.admin.tests.ManageProductOverviewTests" name="verifyProductOverviewIsNotAddedWithoutImage" time="0.140"/>
  <system-out/>
  <testcase classname="api.admin.tests.ManageProductOverviewTests" name="verifyProductOverviewIsNotAddedWithNegativePriority" time="0.150"/>
  <system-out/>
  <testcase classname="api.admin.tests.ManageProductOverviewTests" name="verifyProductOverviewIsNotAddedWithoutStatus" time="0.134"/>
  <system-out/>
  <testcase classname="api.admin.tests.ManageProductOverviewTests" name="verifyProductOverviewList" time="0.488"/>
  <system-out/>
  <testcase classname="api.admin.tests.ManageProductOverviewTests" name="getAndVerifyProductOverviewListOnManageProduct" time="0.267"/>
  <system-out/>
  <testcase classname="api.admin.tests.ManageProductOverviewTests" name="editProductOverview" time="0.270"/>
  <system-out/>
  <testcase classname="api.admin.tests.ManageProductOverviewTests" name="activateAndDeactivateTheProductOverview" time="0.348"/>
  <system-out/>
</testsuite> <!-- api.admin.tests.ManageProductOverviewTests -->
