<?xml version="1.0" encoding="UTF-8"?>
<!-- Generated by org.testng.reporters.JUnitReportReporter -->
<testsuite hostname="DESKTOP-LOH3IH4" failures="0" tests="1" name="web.tests.admin.ManageCoupons" time="91.700" errors="0" timestamp="2023-11-14T15:56:10 IST" skipped="0">
  <testcase classname="web.tests.admin.ManageCoupons" name="activateAndDeactivateFreeShippingCoupon" time="91.700"/>
  <system-out/>
</testsuite> <!-- web.tests.admin.ManageCoupons -->
