<?xml version="1.0" encoding="UTF-8"?>
<!-- Generated by org.testng.reporters.JUnitReportReporter -->
<testsuite hostname="DESKTOP-LOH3IH4" failures="0" tests="10" name="api.admin.tests.ManageCategoriesTests" time="12.551" errors="0" timestamp="2023-11-21T17:48:55 IST" skipped="0">
  <testcase classname="api.admin.tests.ManageCategoriesTests" name="createCategories" time="0.354"/>
  <system-out/>
  <testcase classname="api.admin.tests.ManageCategoriesTests" name="getCategoryList" time="1.898"/>
  <system-out/>
  <testcase classname="api.admin.tests.ManageCategoriesTests" name="getAndVerifyCategoriesListOnManageProduct" time="0.631"/>
  <system-out/>
  <testcase classname="api.admin.tests.ManageCategoriesTests" name="editCategories" time="8.351"/>
  <system-out/>
  <testcase classname="api.admin.tests.ManageCategoriesTests" name="activateAndDeactivateCategories" time="0.472"/>
  <system-out/>
  <testcase classname="api.admin.tests.ManageCategoriesTests" name="verifyCategoryWithExistingPermalinkCannotBeAddedAgain" time="0.139"/>
  <system-out/>
  <testcase classname="api.admin.tests.ManageCategoriesTests" name="createCategoriesWithoutCategoryName" time="0.151"/>
  <system-out/>
  <testcase classname="api.admin.tests.ManageCategoriesTests" name="createCategoriesWithoutPermaLink" time="0.195"/>
  <system-out/>
  <testcase classname="api.admin.tests.ManageCategoriesTests" name="createCategoriesWithoutOgDescription" time="0.192"/>
  <system-out/>
  <testcase classname="api.admin.tests.ManageCategoriesTests" name="createCategoriesWithoutOgImage" time="0.168"/>
  <system-out/>
</testsuite> <!-- api.admin.tests.ManageCategoriesTests -->
