<?xml version="1.0" encoding="UTF-8"?>
<!-- Generated by org.testng.reporters.JUnitReportReporter -->
<testsuite hostname="DESKTOP-LOH3IH4" failures="0" tests="10" name="api.admin.tests.ManageColorClusterTests" time="2.436" errors="0" timestamp="2023-11-21T17:48:55 IST" skipped="0">
  <testcase classname="api.admin.tests.ManageColorClusterTests" name="createColorCluster" time="0.186"/>
  <system-out/>
  <testcase classname="api.admin.tests.ManageColorClusterTests" name="getColorClusterList" time="0.538"/>
  <system-out/>
  <testcase classname="api.admin.tests.ManageColorClusterTests" name="getAndVerifyColorClusterListOnManageProduct" time="0.348"/>
  <system-out/>
  <testcase classname="api.admin.tests.ManageColorClusterTests" name="verifyAddedColorClusterCannotBeAddedAgain" time="0.189"/>
  <system-out/>
  <testcase classname="api.admin.tests.ManageColorClusterTests" name="verifyColorClusterwithNullName" time="0.138"/>
  <system-out/>
  <testcase classname="api.admin.tests.ManageColorClusterTests" name="verifyColorClusterwithNullAttribute" time="0.131"/>
  <system-out/>
  <testcase classname="api.admin.tests.ManageColorClusterTests" name="verifyColorClusterwithNullStatus" time="0.168"/>
  <system-out/>
  <testcase classname="api.admin.tests.ManageColorClusterTests" name="verifyColorClusterwithStatusWithIntegerValue" time="0.153"/>
  <system-out/>
  <testcase classname="api.admin.tests.ManageColorClusterTests" name="editColorCluster" time="0.204"/>
  <system-out/>
  <testcase classname="api.admin.tests.ManageColorClusterTests" name="activateAndDeactivateTheManageColorClusterType" time="0.381"/>
  <system-out/>
</testsuite> <!-- api.admin.tests.ManageColorClusterTests -->
