<?xml version="1.0" encoding="UTF-8"?>
<!-- Generated by org.testng.reporters.JUnitReportReporter -->
<testsuite skipped="0" hostname="DESKTOP-46AHGLC" name="web.tests.customer.SignInTest1" tests="3" failures="0" timestamp="10 Feb 2023 11:27:27 GMT" time="114.478" errors="0">
  <testcase name="VeriyLoginToast" time="12.130" classname="web.tests.customer.SignInTest1"/>
  <testcase name="VeriyProfileLinks" time="13.986" classname="web.tests.customer.SignInTest1"/>
  <testcase name="verifyCustomerCreateOrder" time="88.362" classname="web.tests.customer.SignInTest1"/>
</testsuite> <!-- web.tests.customer.SignInTest1 -->
