<?xml version="1.0" encoding="UTF-8"?>
<!-- Generated by org.testng.reporters.JUnitReportReporter -->
<testsuite hostname="DESKTOP-LOH3IH4" failures="0" tests="3" name="api.admin.tests.ManageProductTests_Set" time="20.850" errors="0" timestamp="2023-11-21T17:48:55 IST" skipped="0">
  <testcase classname="api.admin.tests.ManageProductTests_Set" name="addProduct_Set" time="0.268"/>
  <system-out/>
  <testcase classname="api.admin.tests.ManageProductTests_Set" name="getListOfProductaAndVerifyTheCreatedProduct" time="20.348"/>
  <system-out/>
  <testcase classname="api.admin.tests.ManageProductTests_Set" name="DeactivateTheProduct" time="0.234"/>
  <system-out/>
</testsuite> <!-- api.admin.tests.ManageProductTests_Set -->
