<?xml version="1.0" encoding="UTF-8"?>
<!-- Generated by org.testng.reporters.JUnitReportReporter -->
<testsuite hostname="DESKTOP-LOH3IH4" failures="0" tests="10" name="api.admin.tests.ManageBlogsCategoriesTests" time="6.611" errors="0" timestamp="2023-11-21T17:48:55 IST" skipped="0">
  <testcase classname="api.admin.tests.ManageBlogsCategoriesTests" name="verifyCreateBlog" time="2.203"/>
  <system-out/>
  <testcase classname="api.admin.tests.ManageBlogsCategoriesTests" name="verifyBlogIsAdded" time="0.435"/>
  <system-out/>
  <testcase classname="api.admin.tests.ManageBlogsCategoriesTests" name="verifyCreatedBlogCannotBeAddedAgain" time="0.185"/>
  <system-out/>
  <testcase classname="api.admin.tests.ManageBlogsCategoriesTests" name="verifyBlogIsNotCreatedWithEmptyName" time="0.163"/>
  <system-out/>
  <testcase classname="api.admin.tests.ManageBlogsCategoriesTests" name="verifyBlogIsNotCreatedWithEmptyDescription" time="0.173"/>
  <system-out/>
  <testcase classname="api.admin.tests.ManageBlogsCategoriesTests" name="verifyBlogIsNotCreatedWithEmptyStatus" time="0.193"/>
  <system-out/>
  <testcase classname="api.admin.tests.ManageBlogsCategoriesTests" name="editBlog" time="1.916"/>
  <system-out/>
  <testcase classname="api.admin.tests.ManageBlogsCategoriesTests" name="viewBlogIsAddedOn_Customer" time="0.288"/>
  <system-out/>
  <testcase classname="api.admin.tests.ManageBlogsCategoriesTests" name="activateAndDeactivateTheBlog" time="0.449"/>
  <system-out/>
  <testcase classname="api.admin.tests.ManageBlogsCategoriesTests" name="deleteTheBlog" time="0.606"/>
  <system-out/>
</testsuite> <!-- api.admin.tests.ManageBlogsCategoriesTests -->
