<?xml version="1.0" encoding="UTF-8"?>
<!-- Generated by org.testng.reporters.JUnitReportReporter -->
<testsuite hostname="DESKTOP-LOH3IH4" failures="0" tests="7" name="api.customer.tests.RequestForPriceTests" time="12.435" errors="0" timestamp="2023-11-21T17:48:55 IST" skipped="0">
  <testcase classname="api.customer.tests.RequestForPriceTests" name="createRequestForPrice" time="1.649"/>
  <system-out/>
  <testcase classname="api.customer.tests.RequestForPriceTests" name="verifyRequestForPriceList_Admin" time="5.671"/>
  <system-out/>
  <testcase classname="api.customer.tests.RequestForPriceTests" name="viewRequestForPrice_Admin" time="1.819"/>
  <system-out/>
  <testcase classname="api.customer.tests.RequestForPriceTests" name="verifyCityRequestList_Admin" time="1.274"/>
  <system-out/>
  <testcase classname="api.customer.tests.RequestForPriceTests" name="resolveAndUnresolvedTheRequestPrice" time="1.739"/>
  <system-out/>
  <testcase classname="api.customer.tests.RequestForPriceTests" name="verifyRequestForPriceWithoutMobileNumber" time="0.130"/>
  <system-out/>
  <testcase classname="api.customer.tests.RequestForPriceTests" name="verifyRequestForPriceWithInvalidEmailId" time="0.153"/>
  <system-out/>
</testsuite> <!-- api.customer.tests.RequestForPriceTests -->
