<?xml version="1.0" encoding="UTF-8"?>
<!-- Generated by org.testng.reporters.JUnitReportReporter -->
<testsuite hostname="DESKTOP-DFBU44I" failures="0" tests="1" name="api.admin.tests.DiscountValueCouponTests$FreeShippingCouponTests" time="8.523" errors="0" timestamp="2023-07-19T18:13:29 IST" skipped="0">
  <testcase classname="api.admin.tests.DiscountValueCouponTests$FreeShippingCouponTests" name="createDiscountValueCoupon" time="8.523"/>
  <system-out/>
</testsuite> <!-- api.admin.tests.DiscountValueCouponTests$FreeShippingCouponTests -->
