<?xml version="1.0" encoding="UTF-8"?>
<!-- Generated by org.testng.reporters.JUnitReportReporter -->
<testsuite hostname="INNODS0020" failures="0" tests="8" name="api.admin.tests.ManageAdminUserTests" time="6.012" errors="0" timestamp="2024-02-19T12:58:42 IST" skipped="0">
  <testcase classname="api.admin.tests.ManageAdminUserTests" name="addAdminUser" time="2.914"/>
  <system-out/>
  <testcase classname="api.admin.tests.ManageAdminUserTests" name="verifyUserIsNotAddedWithAlreadyExistingEmailId" time="0.343"/>
  <system-out/>
  <testcase classname="api.admin.tests.ManageAdminUserTests" name="verifyAdminWithBlankRoleIsNotAdded" time="0.195"/>
  <system-out/>
  <testcase classname="api.admin.tests.ManageAdminUserTests" name="searchAdmin" time="0.180"/>
  <system-out/>
  <testcase classname="api.admin.tests.ManageAdminUserTests" name="resetPasswordOfAddedAdmin" time="0.439"/>
  <system-out/>
  <testcase classname="api.admin.tests.ManageAdminUserTests" name="verifyAdminsList" time="0.896"/>
  <system-out/>
  <testcase classname="api.admin.tests.ManageAdminUserTests" name="editAdminUser" time="0.529"/>
  <system-out/>
  <testcase classname="api.admin.tests.ManageAdminUserTests" name="deactivateTheAdminUser" time="0.516"/>
  <system-out/>
</testsuite> <!-- api.admin.tests.ManageAdminUserTests -->
